#
# There is insufficient memory for the Java Runtime Environment to continue.
# Native memory allocation (mmap) failed to map 123731968 bytes for G1 virtual space
# Possible reasons:
#   The system is out of physical RAM or swap space
#   The process is running with CompressedOops enabled, and the Java Heap may be blocking the growth of the native heap
# Possible solutions:
#   Reduce memory load on the system
#   Increase physical memory or swap space
#   Check if swap backing store is full
#   Decrease Java heap size (-Xmx/-Xms)
#   Decrease number of Java threads
#   Decrease Java thread stack sizes (-Xss)
#   Set larger code cache with -XX:ReservedCodeCacheSize=
#   JVM is running with Unscaled Compressed Oops mode in which the Java heap is
#     placed in the first 4GB address space. The Java Heap base address is the
#     maximum limit for the native heap growth. Please use -XX:HeapBaseMinAddress
#     to set the Java Heap base and to place the Java Heap above 4GB virtual address.
# This output file may be truncated or incomplete.
#
#  Out of Memory Error (os_windows.cpp:3613), pid=16104, tid=11988
#
# JRE version:  (17.0.9+9) (build )
# Java VM: OpenJDK 64-Bit Server VM (17.0.9+9, mixed mode, sharing, tiered, compressed oops, compressed class ptrs, g1 gc, windows-amd64)
# No core dump will be written. Minidumps are not enabled by default on client versions of Windows
#

---------------  S U M M A R Y ------------

Command Line: 

Host: AMD Ryzen 5 5500U with Radeon Graphics         , 12 cores, 7G,  Windows 11 , 64 bit Build 22621 (10.0.22621.5415)
Time: Fri Jun 20 19:28:52 2025 GMT Summer Time elapsed time: 0.034993 seconds (0d 0h 0m 0s)

---------------  T H R E A D  ---------------

Current thread (0x000001eff954b5d0):  JavaThread "Unknown thread" [_thread_in_vm, id=11988, stack(0x00000092a7800000,0x00000092a7900000)]

Stack: [0x00000092a7800000,0x00000092a7900000]
Native frames: (J=compiled Java code, j=interpreted, Vv=VM code, C=native code)
V  [jvm.dll+0x67cf49]
V  [jvm.dll+0x83478a]
V  [jvm.dll+0x83624e]
V  [jvm.dll+0x8368b3]
V  [jvm.dll+0x247f1f]
V  [jvm.dll+0x679d69]
V  [jvm.dll+0x66e6ba]
V  [jvm.dll+0x307e5b]
V  [jvm.dll+0x30f306]
V  [jvm.dll+0x35f0ce]
V  [jvm.dll+0x35f2ff]
V  [jvm.dll+0x2dea58]
V  [jvm.dll+0x2df9c4]
V  [jvm.dll+0x806031]
V  [jvm.dll+0x36cf31]
V  [jvm.dll+0x7e4aac]
V  [jvm.dll+0x3f07af]
V  [jvm.dll+0x3f23e1]
C  [jli.dll+0x528f]
C  [ucrtbase.dll+0x29333]
C  [KERNEL32.DLL+0x1259d]
C  [ntdll.dll+0x5af78]


---------------  P R O C E S S  ---------------

Threads class SMR info:
_java_thread_list=0x00007ffa8fd1ee98, length=0, elements={
}

Java Threads: ( => current thread )

Other Threads:
  0x000001eff95a5cd0 GCTaskThread "GC Thread#0" [stack: 0x00000092a7900000,0x00000092a7a00000] [id=17160]
  0x000001eff95b5c50 ConcurrentGCThread "G1 Main Marker" [stack: 0x00000092a7a00000,0x00000092a7b00000] [id=12280]
  0x000001eff95b6480 ConcurrentGCThread "G1 Conc#0" [stack: 0x00000092a7b00000,0x00000092a7c00000] [id=15928]

[error occurred during error reporting (printing all threads), id 0xc0000005, EXCEPTION_ACCESS_VIOLATION (0xc0000005) at pc=0x00007ffa8f4df497]

VM state: not at safepoint (not fully initialized)

VM Mutex/Monitor currently owned by a thread:  ([mutex/lock_event])
[0x000001eff9545f90] Heap_lock - owner thread: 0x000001eff954b5d0

Heap address: 0x000000008ac00000, size: 1876 MB, Compressed Oops mode: 32-bit

CDS archive(s) mapped at: [0x0000000000000000-0x0000000000000000-0x0000000000000000), size 0, SharedBaseAddress: 0x0000000800000000, ArchiveRelocationMode: 1.
Narrow klass base: 0x0000000000000000, Narrow klass shift: 0, Narrow klass range: 0x0

GC Precious Log:
<Empty>

Heap:
 garbage-first heap   total 0K, used 0K [0x000000008ac00000, 0x0000000100000000)
  region size 1024K, 0 young (0K), 0 survivors (0K)

[error occurred during error reporting (printing heap information), id 0xc0000005, EXCEPTION_ACCESS_VIOLATION (0xc0000005) at pc=0x00007ffa8f8c6c79]

GC Heap History (0 events):
No events

Dll operation events (1 events):
Event: 0.023 Loaded shared library C:\Program Files\Unity\Hub\Editor\6000.0.34f1\Editor\Data\PlaybackEngines\AndroidPlayer\OpenJDK\bin\java.dll

Deoptimization events (0 events):
No events

Classes unloaded (0 events):
No events

Classes redefined (0 events):
No events

Internal exceptions (0 events):
No events

VM Operations (0 events):
No events

Events (0 events):
No events


Dynamic libraries:
0x00007ff6e17e0000 - 0x00007ff6e17ee000 	C:\Program Files\Unity\Hub\Editor\6000.0.34f1\Editor\Data\PlaybackEngines\AndroidPlayer\OpenJDK\bin\java.exe
0x00007ffb453d0000 - 0x00007ffb455e7000 	C:\WINDOWS\SYSTEM32\ntdll.dll
0x00007ffb44d00000 - 0x00007ffb44dc4000 	C:\WINDOWS\System32\KERNEL32.DLL
0x00007ffb42a30000 - 0x00007ffb42e02000 	C:\WINDOWS\System32\KERNELBASE.dll
0x00007ffb42f40000 - 0x00007ffb43051000 	C:\WINDOWS\System32\ucrtbase.dll
0x00007ffafb6c0000 - 0x00007ffafb6d7000 	C:\Program Files\Unity\Hub\Editor\6000.0.34f1\Editor\Data\PlaybackEngines\AndroidPlayer\OpenJDK\bin\jli.dll
0x00007ffafb160000 - 0x00007ffafb17b000 	C:\Program Files\Unity\Hub\Editor\6000.0.34f1\Editor\Data\PlaybackEngines\AndroidPlayer\OpenJDK\bin\VCRUNTIME140.dll
0x00007ffb44420000 - 0x00007ffb445d1000 	C:\WINDOWS\System32\USER32.dll
0x00007ffb2c760000 - 0x00007ffb2c9fb000 	C:\WINDOWS\WinSxS\amd64_microsoft.windows.common-controls_6595b64144ccf1df_6.0.22621.5415_none_270d77d17387d7da\COMCTL32.dll
0x00007ffb42930000 - 0x00007ffb42956000 	C:\WINDOWS\System32\win32u.dll
0x00007ffb440c0000 - 0x00007ffb440e9000 	C:\WINDOWS\System32\GDI32.dll
0x00007ffb42e10000 - 0x00007ffb42f33000 	C:\WINDOWS\System32\gdi32full.dll
0x00007ffb42960000 - 0x00007ffb429fa000 	C:\WINDOWS\System32\msvcp_win.dll
0x00007ffb44110000 - 0x00007ffb441b7000 	C:\WINDOWS\System32\msvcrt.dll
0x00007ffb44cc0000 - 0x00007ffb44cf1000 	C:\WINDOWS\System32\IMM32.DLL
0x00007ffafadc0000 - 0x00007ffafadcc000 	C:\Program Files\Unity\Hub\Editor\6000.0.34f1\Editor\Data\PlaybackEngines\AndroidPlayer\OpenJDK\bin\vcruntime140_1.dll
0x00007ffaeed70000 - 0x00007ffaeedfd000 	C:\Program Files\Unity\Hub\Editor\6000.0.34f1\Editor\Data\PlaybackEngines\AndroidPlayer\OpenJDK\bin\msvcp140.dll
0x00007ffa8f1f0000 - 0x00007ffa8fe51000 	C:\Program Files\Unity\Hub\Editor\6000.0.34f1\Editor\Data\PlaybackEngines\AndroidPlayer\OpenJDK\bin\server\jvm.dll
0x00007ffb45000000 - 0x00007ffb450b1000 	C:\WINDOWS\System32\ADVAPI32.dll
0x00007ffb45250000 - 0x00007ffb452f8000 	C:\WINDOWS\System32\sechost.dll
0x00007ffb42a00000 - 0x00007ffb42a28000 	C:\WINDOWS\System32\bcrypt.dll
0x00007ffb44b30000 - 0x00007ffb44c44000 	C:\WINDOWS\System32\RPCRT4.dll
0x00007ffb3de90000 - 0x00007ffb3dec4000 	C:\WINDOWS\SYSTEM32\WINMM.dll
0x00007ffb3a850000 - 0x00007ffb3a85a000 	C:\WINDOWS\SYSTEM32\VERSION.dll
0x00007ffb29470000 - 0x00007ffb29479000 	C:\WINDOWS\SYSTEM32\WSOCK32.dll
0x00007ffb42390000 - 0x00007ffb423dd000 	C:\WINDOWS\SYSTEM32\POWRPROF.dll
0x00007ffb44dd0000 - 0x00007ffb44e41000 	C:\WINDOWS\System32\WS2_32.dll
0x00007ffb42370000 - 0x00007ffb42383000 	C:\WINDOWS\SYSTEM32\UMPDC.dll
0x00007ffb414f0000 - 0x00007ffb41508000 	C:\WINDOWS\SYSTEM32\kernel.appcore.dll
0x00007ffaeffa0000 - 0x00007ffaeffaa000 	C:\Program Files\Unity\Hub\Editor\6000.0.34f1\Editor\Data\PlaybackEngines\AndroidPlayer\OpenJDK\bin\jimage.dll
0x00007ffb3b840000 - 0x00007ffb3ba73000 	C:\WINDOWS\SYSTEM32\DBGHELP.DLL
0x00007ffb44790000 - 0x00007ffb44b23000 	C:\WINDOWS\System32\combase.dll
0x00007ffb44630000 - 0x00007ffb44707000 	C:\WINDOWS\System32\OLEAUT32.dll
0x00007ffb2a020000 - 0x00007ffb2a052000 	C:\WINDOWS\SYSTEM32\dbgcore.DLL
0x00007ffb424c0000 - 0x00007ffb4253b000 	C:\WINDOWS\System32\bcryptPrimitives.dll
0x00007ffaeff70000 - 0x00007ffaeff95000 	C:\Program Files\Unity\Hub\Editor\6000.0.34f1\Editor\Data\PlaybackEngines\AndroidPlayer\OpenJDK\bin\java.dll

dbghelp: loaded successfully - version: 4.0.5 - missing functions: none
symbol engine: initialized successfully - sym options: 0x614 - pdb path: .;C:\Program Files\Unity\Hub\Editor\6000.0.34f1\Editor\Data\PlaybackEngines\AndroidPlayer\OpenJDK\bin;C:\WINDOWS\SYSTEM32;C:\WINDOWS\WinSxS\amd64_microsoft.windows.common-controls_6595b64144ccf1df_6.0.22621.5415_none_270d77d17387d7da;C:\Program Files\Unity\Hub\Editor\6000.0.34f1\Editor\Data\PlaybackEngines\AndroidPlayer\OpenJDK\bin\server

VM Arguments:
java_command: <unknown>
java_class_path (initial): <not set>
Launcher Type: SUN_STANDARD

[Global flags]
     intx CICompilerCount                          = 4                                         {product} {ergonomic}
     uint ConcGCThreads                            = 3                                         {product} {ergonomic}
     uint G1ConcRefinementThreads                  = 10                                        {product} {ergonomic}
   size_t G1HeapRegionSize                         = 1048576                                   {product} {ergonomic}
    uintx GCDrainStackTargetSize                   = 64                                        {product} {ergonomic}
   size_t InitialHeapSize                          = 123731968                                 {product} {ergonomic}
   size_t MarkStackSize                            = 4194304                                   {product} {ergonomic}
   size_t MaxHeapSize                              = 1967128576                                {product} {ergonomic}
   size_t MinHeapDeltaBytes                        = 1048576                                   {product} {ergonomic}
   size_t MinHeapSize                              = 8388608                                   {product} {ergonomic}
    uintx NonNMethodCodeHeapSize                   = 5839372                                {pd product} {ergonomic}
    uintx NonProfiledCodeHeapSize                  = 122909434                              {pd product} {ergonomic}
    uintx ProfiledCodeHeapSize                     = 122909434                              {pd product} {ergonomic}
    uintx ReservedCodeCacheSize                    = 251658240                              {pd product} {ergonomic}
     bool SegmentedCodeCache                       = true                                      {product} {ergonomic}
   size_t SoftMaxHeapSize                          = 1967128576                             {manageable} {ergonomic}
     bool UseCompressedClassPointers               = true                           {product lp64_product} {ergonomic}
     bool UseCompressedOops                        = true                           {product lp64_product} {ergonomic}
     bool UseG1GC                                  = true                                      {product} {ergonomic}
     bool UseLargePagesIndividualAllocation        = false                                  {pd product} {ergonomic}

Logging:
Log output configuration:
 #0: stdout all=warning uptime,level,tags
 #1: stderr all=off uptime,level,tags

Environment Variables:
JAVA_HOME=C:\Program Files\Unity\Hub\Editor\6000.0.34f1\Editor\Data\PlaybackEngines\AndroidPlayer\OpenJDK
PATH=C:\Program Files\Smart Projects\IsoBuster;C:\Program Files\Common Files\Oracle\Java\javapath;C:\Program Files (x86)\Common Files\Oracle\Java\java8path;C:\Program Files (x86)\Common Files\Oracle\Java\javapath;C:\windows\system32;C:\windows;C:\windows\System32\Wbem;C:\windows\System32\WindowsPowerShell\v1.0\;C:\windows\System32\OpenSSH\;C:\Program Files (x86)\NVIDIA Corporation\PhysX\Common;C:\WINDOWS\system32;C:\WINDOWS;C:\WINDOWS\System32\Wbem;C:\WINDOWS\System32\WindowsPowerShell\v1.0\;C:\WINDOWS\System32\OpenSSH\;C:\Program Files\dotnet\;C:\Program Files\nodejs\;C:\Program Files\Git\cmd;C:\Users\pddaa\OneDrive\Desktop\CI\AI3\flutter\bin;C:\Program Files\PowerShell\7\;C:\Users\pddaa\AppData\Local\Programs\Eclipse Adoptium\jdk-17.0.15.6-hotspot\bin;C:\Users\pddaa\Scripts\;C:\Users\pddaa\;C:\Users\pddaa\AppData\Local\Microsoft\WindowsApps;C:\Users\pddaa\AppData\Local\Programs\Microsoft VS Code\bin;C:\Program Files\JetBrains\PyCharm 2023.2.2\bin;;C:\Users\pddaa\AppData\Roaming\npm;C:\Users\pddaa\OneDrive\Área de Trabalho\CI\AI3\flutter\bin;C:\Users\pddaa\.dotnet\tools
USERNAME=pddaa
OS=Windows_NT
PROCESSOR_IDENTIFIER=AMD64 Family 23 Model 104 Stepping 1, AuthenticAMD
TMP=C:\Users\pddaa\AppData\Local\Temp
TEMP=C:\Users\pddaa\AppData\Local\Temp



Periodic native trim disabled


---------------  S Y S T E M  ---------------

OS:
 Windows 11 , 64 bit Build 22621 (10.0.22621.5415)
OS uptime: 0 days 6:11 hours

CPU: total 12 (initial active 12) (12 cores per cpu, 2 threads per core) family 23 model 104 stepping 1 microcode 0x0, cx8, cmov, fxsr, ht, mmx, 3dnowpref, sse, sse2, sse3, ssse3, sse4a, sse4.1, sse4.2, popcnt, lzcnt, tsc, tscinvbit, avx, avx2, aes, clmul, bmi1, bmi2, adx, sha, fma, vzeroupper, clflush, clflushopt
Processor Information for all 12 processors :
  Max Mhz: 2100, Current Mhz: 2100, Mhz Limit: 2100

Memory: 4k page, system-wide physical 7501M (264M free)
TotalPageFile size 30029M (AvailPageFile size 113M)
current process WorkingSet (physical memory assigned to process): 11M, peak: 11M
current process commit charge ("private bytes"): 64M, peak: 182M

vm_info: OpenJDK 64-Bit Server VM (17.0.9+9) for windows-amd64 JRE (17.0.9+9), built on Oct 26 2023 14:01:42 by "admin" with MS VC++ 16.10 / 16.11 (VS2019)

END.
